<?xml version="1.0" encoding="UTF-8"?>
<!-- Generated by org.testng.reporters.JUnitReportReporter -->
<testsuite skipped="16" hostname="7490-FH8MVP2" name="com.smarsh.ccm.tests.MGBasicTests" tests="17" failures="0" timestamp="25 Jul 2019 14:07:47 GMT" time="26.381" errors="0">
  <testcase name="verifyCancleBtnEditEmp" time="26.381" classname="com.smarsh.ccm.tests.MGBasicTests"/>
  <testcase name="verifySrchNavBar" classname="com.smarsh.ccm.tests.MGBasicTests">
    <skipped/>
  </testcase> <!-- verifySrchNavBar -->
  <testcase name="verifyNavigations" classname="com.smarsh.ccm.tests.MGBasicTests">
    <skipped/>
  </testcase> <!-- verifyNavigations -->
  <testcase name="verifySettingsNavBar" classname="com.smarsh.ccm.tests.MGBasicTests">
    <skipped/>
  </testcase> <!-- verifySettingsNavBar -->
  <testcase name="editAddedEmp" classname="com.smarsh.ccm.tests.MGBasicTests">
    <skipped/>
  </testcase> <!-- editAddedEmp -->
  <testcase name="addEmployee" classname="com.smarsh.ccm.tests.MGBasicTests">
    <skipped/>
  </testcase> <!-- addEmployee -->
  <testcase name="searchEmp" classname="com.smarsh.ccm.tests.MGBasicTests">
    <skipped/>
  </testcase> <!-- searchEmp -->
  <testcase name="isLoginPageDispCorrectly" classname="com.smarsh.ccm.tests.MGBasicTests">
    <skipped/>
  </testcase> <!-- isLoginPageDispCorrectly -->
  <testcase name="verifyAdminNavBar" classname="com.smarsh.ccm.tests.MGBasicTests">
    <skipped/>
  </testcase> <!-- verifyAdminNavBar -->
  <testcase name="updateEmpEmail" classname="com.smarsh.ccm.tests.MGBasicTests">
    <skipped/>
  </testcase> <!-- updateEmpEmail -->
  <testcase name="TetsLogin" classname="com.smarsh.ccm.tests.MGBasicTests">
    <skipped/>
  </testcase> <!-- TetsLogin -->
  <testcase name="verifyEmpSearch" classname="com.smarsh.ccm.tests.MGBasicTests">
    <skipped/>
  </testcase> <!-- verifyEmpSearch -->
  <testcase name="navigateToEmployees" classname="com.smarsh.ccm.tests.MGBasicTests">
    <skipped/>
  </testcase> <!-- navigateToEmployees -->
  <testcase name="verifyCopyRightDetailsOnLogin" classname="com.smarsh.ccm.tests.MGBasicTests">
    <skipped/>
  </testcase> <!-- verifyCopyRightDetailsOnLogin -->
  <testcase name="verifyAlertsNavBar" classname="com.smarsh.ccm.tests.MGBasicTests">
    <skipped/>
  </testcase> <!-- verifyAlertsNavBar -->
  <testcase name="verifyReportsNavBar" classname="com.smarsh.ccm.tests.MGBasicTests">
    <skipped/>
  </testcase> <!-- verifyReportsNavBar -->
  <testcase name="verifyHomePageItems" classname="com.smarsh.ccm.tests.MGBasicTests">
    <skipped/>
  </testcase> <!-- verifyHomePageItems -->
</testsuite> <!-- com.smarsh.ccm.tests.MGBasicTests -->
