<?xml version="1.0" encoding="UTF-8"?>
<!-- Generated by org.testng.reporters.JUnitReportReporter -->
<testsuite skipped="0" hostname="7480-F6MB4M2" name="com.smarsh.ccm.utils.ReadEmpFromCSV" tests="1" failures="0" timestamp="16 May 2019 07:00:27 GMT" time="0.009" errors="0">
  <testcase name="addEmployee" time="0.009" classname="com.smarsh.ccm.utils.ReadEmpFromCSV"/>
</testsuite> <!-- com.smarsh.ccm.utils.ReadEmpFromCSV -->
