<?xml version="1.0" encoding="UTF-8"?>
<!-- Generated by org.testng.reporters.JUnitReportReporter -->
<testsuite skipped="15" hostname="7480-F6MB4M2" name="com.smarsh.ccm.testEmployees.MGEmployeeViewTests" tests="15" failures="0" timestamp="20 Sep 2019 12:45:40 GMT" time="0.000" errors="0">
  <testcase name="C2128788_verifyMsgsForEmployee" time="0.000" classname="com.smarsh.ccm.testEmployees.MGEmployeeViewTests">
    <skipped/>
  </testcase> <!-- C2128788_verifyMsgsForEmployee -->
  <testcase name="C2128775_deleteDeviceFromEmpView" classname="com.smarsh.ccm.testEmployees.MGEmployeeViewTests">
    <skipped/>
  </testcase> <!-- C2128775_deleteDeviceFromEmpView -->
  <testcase name="C2569711_addDeviceFailure" classname="com.smarsh.ccm.testEmployees.MGEmployeeViewTests">
    <skipped/>
  </testcase> <!-- C2569711_addDeviceFailure -->
  <testcase name="C2690849_verifycontainsFilterinAuditLog" classname="com.smarsh.ccm.testEmployees.MGEmployeeViewTests">
    <skipped/>
  </testcase> <!-- C2690849_verifycontainsFilterinAuditLog -->
  <testcase name="C2690849_verifyTimeFrame" classname="com.smarsh.ccm.testEmployees.MGEmployeeViewTests">
    <skipped/>
  </testcase> <!-- C2690849_verifyTimeFrame -->
  <testcase name="C2128774_editDevDetails" classname="com.smarsh.ccm.testEmployees.MGEmployeeViewTests">
    <skipped/>
  </testcase> <!-- C2128774_editDevDetails -->
  <testcase name="C2128780_verifyContactsForEmployee" classname="com.smarsh.ccm.testEmployees.MGEmployeeViewTests">
    <skipped/>
  </testcase> <!-- C2128780_verifyContactsForEmployee -->
  <testcase name="C2128782_verifyAuditPagination" classname="com.smarsh.ccm.testEmployees.MGEmployeeViewTests">
    <skipped/>
  </testcase> <!-- C2128782_verifyAuditPagination -->
  <testcase name="C2128772_verifyViewEmpUI" classname="com.smarsh.ccm.testEmployees.MGEmployeeViewTests">
    <skipped/>
  </testcase> <!-- C2128772_verifyViewEmpUI -->
  <testcase name="C2690849_verifyauditLogFilters" classname="com.smarsh.ccm.testEmployees.MGEmployeeViewTests">
    <skipped/>
  </testcase> <!-- C2690849_verifyauditLogFilters -->
  <testcase name="C2128773_AddDeviceToEmp" classname="com.smarsh.ccm.testEmployees.MGEmployeeViewTests">
    <skipped/>
  </testcase> <!-- C2128773_AddDeviceToEmp -->
  <testcase name="C2128782_verifyAuditLogList" classname="com.smarsh.ccm.testEmployees.MGEmployeeViewTests">
    <skipped/>
  </testcase> <!-- C2128782_verifyAuditLogList -->
  <testcase name="C2128778_addWhitelistItems" classname="com.smarsh.ccm.testEmployees.MGEmployeeViewTests">
    <skipped/>
  </testcase> <!-- C2128778_addWhitelistItems -->
  <testcase name="C2128786_verifyclearAuditLogFilters" classname="com.smarsh.ccm.testEmployees.MGEmployeeViewTests">
    <skipped/>
  </testcase> <!-- C2128786_verifyclearAuditLogFilters -->
  <testcase name="C2128787_verifyDownloadAuditLogSearch" classname="com.smarsh.ccm.testEmployees.MGEmployeeViewTests">
    <skipped/>
  </testcase> <!-- C2128787_verifyDownloadAuditLogSearch -->
</testsuite> <!-- com.smarsh.ccm.testEmployees.MGEmployeeViewTests -->
