<?xml version="1.0" encoding="UTF-8"?>
<!-- Generated by org.testng.reporters.JUnitReportReporter -->
<testsuite skipped="0" hostname="7480-F6MB4M2" name="com.smarsh.ccm.pages.LoginPage" tests="1" failures="0" timestamp="10 May 2019 04:58:42 GMT" time="4.082" errors="0">
  <testcase name="LoginPageddd" time="4.082" classname="com.smarsh.ccm.pages.LoginPage"/>
</testsuite> <!-- com.smarsh.ccm.pages.LoginPage -->
