<?xml version="1.0" encoding="UTF-8"?>
<!-- Generated by org.testng.reporters.JUnitReportReporter -->
<testsuite skipped="18" hostname="7480-F6MB4M2" name="com.smarsh.ccm.testEmployees.MGBasicTests" tests="20" failures="0" timestamp="2019-09-20T18:13:16 IST" time="21.127" errors="0">
  <testcase name="C2128595_isLoginPageDispCorrectly" time="8.098" classname="com.smarsh.ccm.testEmployees.MGBasicTests"/>
  <testcase name="C2128596_TetsLogin" time="13.029" classname="com.smarsh.ccm.testEmployees.MGBasicTests"/>
  <testcase name="C2128686_verifySettingsNavBar" classname="com.smarsh.ccm.testEmployees.MGBasicTests">
    <skipped/>
  </testcase> <!-- C2128686_verifySettingsNavBar -->
  <testcase name="C2128686_verifyAdminNavBar" classname="com.smarsh.ccm.testEmployees.MGBasicTests">
    <skipped/>
  </testcase> <!-- C2128686_verifyAdminNavBar -->
  <testcase name="C2128748_editAddedEmp" classname="com.smarsh.ccm.testEmployees.MGBasicTests">
    <skipped/>
  </testcase> <!-- C2128748_editAddedEmp -->
  <testcase name="C2128669_verifyHomePageItems" classname="com.smarsh.ccm.testEmployees.MGBasicTests">
    <skipped/>
  </testcase> <!-- C2128669_verifyHomePageItems -->
  <testcase name="C2128748_updateEmpEmail" classname="com.smarsh.ccm.testEmployees.MGBasicTests">
    <skipped/>
  </testcase> <!-- C2128748_updateEmpEmail -->
  <testcase name="C2128784_verifyEmpListPagination" classname="com.smarsh.ccm.testEmployees.MGBasicTests">
    <skipped/>
  </testcase> <!-- C2128784_verifyEmpListPagination -->
  <testcase name="C2128740_verifyEmpPageUI" classname="com.smarsh.ccm.testEmployees.MGBasicTests">
    <skipped/>
  </testcase> <!-- C2128740_verifyEmpPageUI -->
  <testcase name="C2128686_verifyReportsNavBar" classname="com.smarsh.ccm.testEmployees.MGBasicTests">
    <skipped/>
  </testcase> <!-- C2128686_verifyReportsNavBar -->
  <testcase name="C2128669_verifyEmpSearch" classname="com.smarsh.ccm.testEmployees.MGBasicTests">
    <skipped/>
  </testcase> <!-- C2128669_verifyEmpSearch -->
  <testcase name="C5890693_verify3PLinksinFooter" classname="com.smarsh.ccm.testEmployees.MGBasicTests">
    <skipped/>
  </testcase> <!-- C5890693_verify3PLinksinFooter -->
  <testcase name="C2128686_verifyAlertsNavBar" classname="com.smarsh.ccm.testEmployees.MGBasicTests">
    <skipped/>
  </testcase> <!-- C2128686_verifyAlertsNavBar -->
  <testcase name="C2128595_verifyCopyRightDetailsOnLogin" classname="com.smarsh.ccm.testEmployees.MGBasicTests">
    <skipped/>
  </testcase> <!-- C2128595_verifyCopyRightDetailsOnLogin -->
  <testcase name="C2128741_addEmployee" classname="com.smarsh.ccm.testEmployees.MGBasicTests">
    <skipped/>
  </testcase> <!-- C2128741_addEmployee -->
  <testcase name="C2128686_verifySrchNavBar" classname="com.smarsh.ccm.testEmployees.MGBasicTests">
    <skipped/>
  </testcase> <!-- C2128686_verifySrchNavBar -->
  <testcase name="C2128687_verifyNavigations" classname="com.smarsh.ccm.testEmployees.MGBasicTests">
    <skipped/>
  </testcase> <!-- C2128687_verifyNavigations -->
  <testcase name="C2128687_navigateToEmployees" classname="com.smarsh.ccm.testEmployees.MGBasicTests">
    <skipped/>
  </testcase> <!-- C2128687_navigateToEmployees -->
  <testcase name="C6059217_verifyRelNot" classname="com.smarsh.ccm.testEmployees.MGBasicTests">
    <skipped/>
  </testcase> <!-- C6059217_verifyRelNot -->
  <testcase name="searchEmp" classname="com.smarsh.ccm.testEmployees.MGBasicTests">
    <skipped/>
  </testcase> <!-- searchEmp -->
</testsuite> <!-- com.smarsh.ccm.testEmployees.MGBasicTests -->
