<?xml version="1.0" encoding="UTF-8"?>
<!-- Generated by org.testng.reporters.JUnitReportReporter -->
<testsuite skipped="0" hostname="7480-F6MB4M2" name="com.smarsh.ccm.tests.LoginTests" tests="3" failures="0" timestamp="15 May 2019 09:10:13 GMT" time="19.635" errors="0">
  <testcase name="TetsLogin" time="12.535" classname="com.smarsh.ccm.tests.LoginTests"/>
  <testcase name="verifyEmpSearch" time="7.097" classname="com.smarsh.ccm.tests.LoginTests"/>
  <testcase name="verifyHomePageItems" time="0.003" classname="com.smarsh.ccm.tests.LoginTests"/>
</testsuite> <!-- com.smarsh.ccm.tests.LoginTests -->
