<?xml version="1.0" encoding="UTF-8"?>
<!-- Generated by org.testng.reporters.JUnitReportReporter -->
<testsuite skipped="3" hostname="7490-FH8MVP2" name="com.smarsh.ccm.tests.MGEmployeeUploadCSV" tests="4" failures="0" timestamp="25 Jul 2019 14:02:54 GMT" time="8.253" errors="0">
  <testcase name="MGCSV001_DownloadandValidateEmployeeUploadFile" time="8.253" classname="com.smarsh.ccm.tests.MGEmployeeUploadCSV"/>
  <testcase name="MGCSV002_UploadWrongDataData_Validate_UI" classname="com.smarsh.ccm.tests.MGEmployeeUploadCSV">
    <skipped/>
  </testcase> <!-- MGCSV002_UploadWrongDataData_Validate_UI -->
  <testcase name="MGCSV002_UploadAllCarrierData_Validate_UI" classname="com.smarsh.ccm.tests.MGEmployeeUploadCSV">
    <skipped/>
  </testcase> <!-- MGCSV002_UploadAllCarrierData_Validate_UI -->
  <testcase name="MGCSV003_UpdateExisitingEmp_WithTMO" classname="com.smarsh.ccm.tests.MGEmployeeUploadCSV">
    <skipped/>
  </testcase> <!-- MGCSV003_UpdateExisitingEmp_WithTMO -->
</testsuite> <!-- com.smarsh.ccm.tests.MGEmployeeUploadCSV -->
