<?xml version="1.0" encoding="UTF-8"?>
<!-- Generated by org.testng.reporters.JUnitReportReporter -->
<testsuite skipped="4" hostname="7480-F6MB4M2" name="com.smarsh.ccm.testEmployees.MGNegativeTestsPostLogin" tests="4" failures="0" timestamp="20 Sep 2019 12:45:40 GMT" time="0.000" errors="0">
  <testcase name="C2128746_cancelEmpCreation" time="0.000" classname="com.smarsh.ccm.testEmployees.MGNegativeTestsPostLogin">
    <skipped/>
  </testcase> <!-- C2128746_cancelEmpCreation -->
  <testcase name="C2128749_editEmpWithoutEmail" time="0.000" classname="com.smarsh.ccm.testEmployees.MGNegativeTestsPostLogin">
    <skipped/>
  </testcase> <!-- C2128749_editEmpWithoutEmail -->
  <testcase name="C2128742_addEmpWithEmptyEmail" classname="com.smarsh.ccm.testEmployees.MGNegativeTestsPostLogin">
    <skipped/>
  </testcase> <!-- C2128742_addEmpWithEmptyEmail -->
  <testcase name="C2128743_addEmpWithDupInfo" classname="com.smarsh.ccm.testEmployees.MGNegativeTestsPostLogin">
    <skipped/>
  </testcase> <!-- C2128743_addEmpWithDupInfo -->
</testsuite> <!-- com.smarsh.ccm.testEmployees.MGNegativeTestsPostLogin -->
