<?xml version="1.0" encoding="UTF-8"?>
<!-- Generated by org.testng.reporters.JUnitReportReporter -->
<testsuite skipped="4" hostname="7480-F6MB4M2" name="com.smarsh.ccm.testEmployees.MGUploadEmployee" tests="5" failures="0" timestamp="14 Aug 2019 13:21:54 GMT" time="6.186" errors="0">
  <testcase name="C3700238_DownloadandValidateEmployeeUploadFile" time="6.186" classname="com.smarsh.ccm.testEmployees.MGUploadEmployee"/>
  <testcase name="C3700238_UploadAllCarrierData_Validate_UI" classname="com.smarsh.ccm.testEmployees.MGUploadEmployee">
    <skipped/>
  </testcase> <!-- C3700238_UploadAllCarrierData_Validate_UI -->
  <testcase name="C3700243_UploadWrongDataData_Validate_UI" classname="com.smarsh.ccm.testEmployees.MGUploadEmployee">
    <skipped/>
  </testcase> <!-- C3700243_UploadWrongDataData_Validate_UI -->
  <testcase name="MGCSV003_UpdateExisitingEmp_WithTMO" classname="com.smarsh.ccm.testEmployees.MGUploadEmployee">
    <skipped/>
  </testcase> <!-- MGCSV003_UpdateExisitingEmp_WithTMO -->
  <testcase name="C3700242_UploadWrongDataData_Validate_UI" classname="com.smarsh.ccm.testEmployees.MGUploadEmployee">
    <skipped/>
  </testcase> <!-- C3700242_UploadWrongDataData_Validate_UI -->
</testsuite> <!-- com.smarsh.ccm.testEmployees.MGUploadEmployee -->
