<?xml version="1.0" encoding="UTF-8"?>
<!-- Generated by org.testng.reporters.JUnitReportReporter -->
<testsuite skipped="4" hostname="7480-F6MB4M2" name="com.smarsh.ccm.testEmployees.MGNegativeTests" tests="4" failures="0" timestamp="20 Sep 2019 12:45:40 GMT" time="0.000" errors="0">
  <testcase name="C2128602_verifyForgotPasswordPageTitle" time="0.000" classname="com.smarsh.ccm.testEmployees.MGNegativeTests">
    <skipped/>
  </testcase> <!-- C2128602_verifyForgotPasswordPageTitle -->
  <testcase name="C5617253_resetPasswdInvalidEmailFormat" time="0.000" classname="com.smarsh.ccm.testEmployees.MGNegativeTests">
    <skipped/>
  </testcase> <!-- C5617253_resetPasswdInvalidEmailFormat -->
  <testcase name="C5617253_resetPasswdEmptyEmail" time="0.000" classname="com.smarsh.ccm.testEmployees.MGNegativeTests">
    <skipped/>
  </testcase> <!-- C5617253_resetPasswdEmptyEmail -->
  <testcase name="C5617253_resetPasswdSuccess" time="0.000" classname="com.smarsh.ccm.testEmployees.MGNegativeTests">
    <skipped/>
  </testcase> <!-- C5617253_resetPasswdSuccess -->
</testsuite> <!-- com.smarsh.ccm.testEmployees.MGNegativeTests -->
