<?xml version="1.0" encoding="UTF-8"?>
<!-- Generated by org.testng.reporters.JUnitReportReporter -->
<testsuite skipped="0" hostname="7480-F6MB4M2" name="com.smarsh.ccm.tests.MGNegativeTests" tests="5" failures="0" timestamp="10 Jun 2019 14:47:47 GMT" time="21.908" errors="0">
  <testcase name="verifyForgotPasswordPageTitle" time="10.507" classname="com.smarsh.ccm.tests.MGNegativeTests"/>
  <testcase name="resetPasswdEmptyEmail" time="3.022" classname="com.smarsh.ccm.tests.MGNegativeTests"/>
  <testcase name="resetPasswdInvalidEmailFormat" time="2.000" classname="com.smarsh.ccm.tests.MGNegativeTests"/>
  <testcase name="resetPasswdInvalidEmail" time="3.572" classname="com.smarsh.ccm.tests.MGNegativeTests"/>
  <testcase name="resetPasswdSuccess" time="2.807" classname="com.smarsh.ccm.tests.MGNegativeTests"/>
</testsuite> <!-- com.smarsh.ccm.tests.MGNegativeTests -->
